Determining size of off64_t failed with the following output:
Change Dir: C:/Users/Tilen/Desktop/assimp-master/build/CMakeFiles/CMakeScratch/TryCompile-g0mczp

Run Build Command(s):C:/Program Files/Microsoft Visual Studio/2022/Community/MSBuild/Current/Bin/amd64/MSBuild.exe cmTC_74e17.vcxproj /p:Configuration=Debug /p:Platform=x64 /p:VisualStudioVersion=17.0 /v:m && MSBuild version 17.6.3+07e294721 for .NET Framework

  Microsoft (R) C/C++ Optimizing Compiler Version 19.36.32537 for x64
  OFF64_T.c
  Copyright (C) Microsoft Corporation.  All rights reserved.
  cl /c /Zi /W1 /WX- /diagnostics:column /Od /Ob0 /D _MBCS /D WIN32 /D _WINDOWS /D _LARGEFILE64_SOURCE=1 /D HAVE_SYS_TYPES_H /D HAVE_STDINT_H /D HAVE_STDDEF_H /D "CMAKE_INTDIR=\"Debug\"" /Gm- /RTC1 /MDd /GS /fp:precise /Zc:wchar_t /Zc:forScope /Zc:inline /Fo"cmTC_74e17.dir\Debug\\" /Fd"cmTC_74e17.dir\Debug\vc143.pdb" /external:W1 /Gd /TC /errorReport:queue "C:\Users\Tilen\Desktop\assimp-master\build\CMakeFiles\CMakeScratch\TryCompile-g0mczp\OFF64_T.c"
C:\Users\Tilen\Desktop\assimp-master\build\CMakeFiles\CMakeScratch\TryCompile-g0mczp\OFF64_T.c(29,12): error C2065: 'off64_t': undeclared identifier [C:\Users\Tilen\Desktop\assimp-master\build\CMakeFiles\CMakeScratch\TryCompile-g0mczp\cmTC_74e17.vcxproj]
C:\Users\Tilen\Desktop\assimp-master\build\CMakeFiles\CMakeScratch\TryCompile-g0mczp\OFF64_T.c(30,12): error C2065: 'off64_t': undeclared identifier [C:\Users\Tilen\Desktop\assimp-master\build\CMakeFiles\CMakeScratch\TryCompile-g0mczp\cmTC_74e17.vcxproj]
C:\Users\Tilen\Desktop\assimp-master\build\CMakeFiles\CMakeScratch\TryCompile-g0mczp\OFF64_T.c(31,12): error C2065: 'off64_t': undeclared identifier [C:\Users\Tilen\Desktop\assimp-master\build\CMakeFiles\CMakeScratch\TryCompile-g0mczp\cmTC_74e17.vcxproj]
C:\Users\Tilen\Desktop\assimp-master\build\CMakeFiles\CMakeScratch\TryCompile-g0mczp\OFF64_T.c(32,12): error C2065: 'off64_t': undeclared identifier [C:\Users\Tilen\Desktop\assimp-master\build\CMakeFiles\CMakeScratch\TryCompile-g0mczp\cmTC_74e17.vcxproj]
C:\Users\Tilen\Desktop\assimp-master\build\CMakeFiles\CMakeScratch\TryCompile-g0mczp\OFF64_T.c(33,12): error C2065: 'off64_t': undeclared identifier [C:\Users\Tilen\Desktop\assimp-master\build\CMakeFiles\CMakeScratch\TryCompile-g0mczp\cmTC_74e17.vcxproj]


OFF64_T.c:
#include <sys/types.h>
#include <stdint.h>
#include <stddef.h>


#undef KEY
#if defined(__i386)
# define KEY '_','_','i','3','8','6'
#elif defined(__x86_64)
# define KEY '_','_','x','8','6','_','6','4'
#elif defined(__PPC64__)
# define KEY '_','_','P','P','C','6','4','_','_'
#elif defined(__ppc64__)
# define KEY '_','_','p','p','c','6','4','_','_'
#elif defined(__PPC__)
# define KEY '_','_','P','P','C','_','_'
#elif defined(__ppc__)
# define KEY '_','_','p','p','c','_','_'
#elif defined(__aarch64__)
# define KEY '_','_','a','a','r','c','h','6','4','_','_'
#elif defined(__ARM_ARCH_7A__)
# define KEY '_','_','A','R','M','_','A','R','C','H','_','7','A','_','_'
#elif defined(__ARM_ARCH_7S__)
# define KEY '_','_','A','R','M','_','A','R','C','H','_','7','S','_','_'
#endif

#define SIZE (sizeof(off64_t))
static char info_size[] =  {'I', 'N', 'F', 'O', ':', 's','i','z','e','[',
  ('0' + ((SIZE / 10000)%10)),
  ('0' + ((SIZE / 1000)%10)),
  ('0' + ((SIZE / 100)%10)),
  ('0' + ((SIZE / 10)%10)),
  ('0' +  (SIZE    % 10)),
  ']',
#ifdef KEY
  ' ','k','e','y','[', KEY, ']',
#endif
  '\0'};

#ifdef __CLASSIC_C__
int main(argc, argv) int argc; char *argv[];
#else
int main(int argc, char *argv[])
#endif
{
  int require = 0;
  require += info_size[argc];
  (void)argv;
  return require;
}


Determining if the function fseeko exists failed with the following output:
Change Dir: C:/Users/Tilen/Desktop/assimp-master/build/CMakeFiles/CMakeScratch/TryCompile-s63f8r

Run Build Command(s):C:/Program Files/Microsoft Visual Studio/2022/Community/MSBuild/Current/Bin/amd64/MSBuild.exe cmTC_f01ee.vcxproj /p:Configuration=Debug /p:Platform=x64 /p:VisualStudioVersion=17.0 /v:m && MSBuild version 17.6.3+07e294721 for .NET Framework

  Microsoft (R) C/C++ Optimizing Compiler Version 19.36.32537 for x64
  CheckFunctionExists.c
  Copyright (C) Microsoft Corporation.  All rights reserved.
  cl /c /Zi /W1 /WX- /diagnostics:column /Od /Ob0 /D _MBCS /D WIN32 /D _WINDOWS /D CHECK_FUNCTION_EXISTS=fseeko /D "CMAKE_INTDIR=\"Debug\"" /Gm- /RTC1 /MDd /GS /fp:precise /Zc:wchar_t /Zc:forScope /Zc:inline /Fo"cmTC_f01ee.dir\Debug\\" /Fd"cmTC_f01ee.dir\Debug\vc143.pdb" /external:W1 /Gd /TC /errorReport:queue "C:\Users\Tilen\Desktop\assimp-master\build\CMakeFiles\CMakeScratch\TryCompile-s63f8r\CheckFunctionExists.c"
CheckFunctionExists.obj : error LNK2019: unresolved external symbol fseeko referenced in function main [C:\Users\Tilen\Desktop\assimp-master\build\CMakeFiles\CMakeScratch\TryCompile-s63f8r\cmTC_f01ee.vcxproj]
C:\Users\Tilen\Desktop\assimp-master\build\CMakeFiles\CMakeScratch\TryCompile-s63f8r\Debug\cmTC_f01ee.exe : fatal error LNK1120: 1 unresolved externals [C:\Users\Tilen\Desktop\assimp-master\build\CMakeFiles\CMakeScratch\TryCompile-s63f8r\cmTC_f01ee.vcxproj]



Determining if the include file unistd.h exists failed with the following output:
Change Dir: C:/Users/Tilen/Desktop/assimp-master/build/CMakeFiles/CMakeScratch/TryCompile-ng7pad

Run Build Command(s):C:/Program Files/Microsoft Visual Studio/2022/Community/MSBuild/Current/Bin/amd64/MSBuild.exe cmTC_a7813.vcxproj /p:Configuration=Debug /p:Platform=x64 /p:VisualStudioVersion=17.0 /v:m && MSBuild version 17.6.3+07e294721 for .NET Framework

  Microsoft (R) C/C++ Optimizing Compiler Version 19.36.32537 for x64
  CheckIncludeFile.c
  Copyright (C) Microsoft Corporation.  All rights reserved.
  cl /c /Zi /W1 /WX- /diagnostics:column /Od /Ob0 /D _MBCS /D WIN32 /D _WINDOWS /D "CMAKE_INTDIR=\"Debug\"" /Gm- /RTC1 /MDd /GS /fp:precise /Zc:wchar_t /Zc:forScope /Zc:inline /Fo"cmTC_a7813.dir\Debug\\" /Fd"cmTC_a7813.dir\Debug\vc143.pdb" /external:W1 /Gd /TC /errorReport:queue "C:\Users\Tilen\Desktop\assimp-master\build\CMakeFiles\CMakeScratch\TryCompile-ng7pad\CheckIncludeFile.c"
C:\Users\Tilen\Desktop\assimp-master\build\CMakeFiles\CMakeScratch\TryCompile-ng7pad\CheckIncludeFile.c(1,10): fatal  error C1083: Cannot open include file: 'unistd.h': No such file or directory [C:\Users\Tilen\Desktop\assimp-master\build\CMakeFiles\CMakeScratch\TryCompile-ng7pad\cmTC_a7813.vcxproj]



